2018-10-10 14:13:29,369 - spam_application - INFO - "xs:byte" not found in /home/joao/Documents/teste_xsd/xsd/evtTabHorTur.xsd.
2018-10-10 14:13:29,531 - spam_application - INFO - "xs:byte" not found in /home/joao/Documents/teste_xsd/xsd/evtTabCargo.xsd.
2018-10-10 14:13:29,697 - spam_application - INFO - "xs:byte" not found in /home/joao/Documents/teste_xsd/xsd/evtBenPrRP.xsd.
2018-10-10 14:13:29,859 - spam_application - INFO - "xs:byte" not found in /home/joao/Documents/teste_xsd/xsd/evtMonit.xsd.
2018-10-10 14:13:30,035 - spam_application - INFO - "xs:byte" not found in /home/joao/Documents/teste_xsd/xsd/evtAvPrevio.xsd.
2018-10-10 14:13:30,197 - spam_application - INFO - "xs:byte" not found in /home/joao/Documents/teste_xsd/xsd/evtInfoComplPer.xsd.
2018-10-10 14:13:30,358 - spam_application - INFO - "xs:byte" not found in /home/joao/Documents/teste_xsd/xsd/evtTSVTermino.xsd.
2018-10-10 14:13:30,543 - spam_application - INFO - "xs:byte" not found in /home/joao/Documents/teste_xsd/xsd/evtContratAvNP.xsd.
2018-10-10 14:13:30,704 - spam_application - INFO - "xs:byte" not found in /home/joao/Documents/teste_xsd/xsd/evtTabOperPort.xsd.
2018-10-10 14:13:30,866 - spam_application - INFO - "xs:byte" not found in /home/joao/Documents/teste_xsd/xsd/evtTabCarreira.xsd.
2018-10-10 14:13:31,027 - spam_application - INFO - "xs:byte" not found in /home/joao/Documents/teste_xsd/xsd/evtAfastTemp.xsd.
2018-10-10 14:13:31,202 - spam_application - INFO - "xs:byte" not found in /home/joao/Documents/teste_xsd/xsd/evtInfoEmpregador.xsd.
2018-10-10 14:13:31,394 - spam_application - INFO - "xs:byte" not found in /home/joao/Documents/teste_xsd/xsd/evtDeslig.xsd.
2018-10-10 14:13:31,616 - spam_application - INFO - "xs:byte" not found in /home/joao/Documents/teste_xsd/xsd/evtTSVInicio.xsd.
2018-10-10 14:13:31,905 - spam_application - INFO - "xs:byte" not found in /home/joao/Documents/teste_xsd/xsd/evtTabEstab.xsd.
2018-10-10 14:13:32,079 - spam_application - INFO - "xs:byte" not found in /home/joao/Documents/teste_xsd/xsd/evtAltContratual.xsd.
2018-10-10 14:13:32,275 - spam_application - INFO - "xs:byte" not found in /home/joao/Documents/teste_xsd/xsd/evtBasesTrab.xsd.
2018-10-10 14:13:32,441 - spam_application - INFO - "xs:byte" not found in /home/joao/Documents/teste_xsd/xsd/evtTabProcesso.xsd.
2018-10-10 14:13:32,607 - spam_application - INFO - "xs:byte" not found in /home/joao/Documents/teste_xsd/xsd/evtIrrfBenef.xsd.
2018-10-10 14:13:32,772 - spam_application - INFO - "xs:byte" not found in /home/joao/Documents/teste_xsd/xsd/evtComProd.xsd.
2018-10-10 14:13:32,940 - spam_application - INFO - "xs:byte" not found in /home/joao/Documents/teste_xsd/xsd/evtExclusao.xsd.
2018-10-10 14:13:33,095 - spam_application - INFO - "xs:byte" not found in /home/joao/Documents/teste_xsd/xsd/evtContrSindPatr.xsd.
2018-10-10 14:13:33,250 - spam_application - INFO - "xs:byte" not found in /home/joao/Documents/teste_xsd/xsd/evtCAT.xsd.
2018-10-10 14:13:33,445 - spam_application - INFO - "xs:byte" not found in /home/joao/Documents/teste_xsd/xsd/evtIrrf.xsd.
2018-10-10 14:13:33,598 - spam_application - INFO - "xs:byte" not found in /home/joao/Documents/teste_xsd/xsd/evtExpRisco.xsd.
2018-10-10 14:13:33,781 - spam_application - INFO - "xs:byte" not found in /home/joao/Documents/teste_xsd/xsd/xmldsig-core-schema.xsd.
2018-10-10 14:13:33,931 - spam_application - INFO - "xs:byte" not found in /home/joao/Documents/teste_xsd/xsd/evtAdmPrelim.xsd.
2018-10-10 14:13:34,088 - spam_application - INFO - "xs:byte" not found in /home/joao/Documents/teste_xsd/xsd/evtReabreEvPer.xsd.
2018-10-10 14:13:34,243 - spam_application - INFO - "xs:byte" not found in /home/joao/Documents/teste_xsd/xsd/evtTabRubrica.xsd.
2018-10-10 14:13:34,420 - spam_application - INFO - "xs:byte" not found in /home/joao/Documents/teste_xsd/xsd/evtCS.xsd.
2018-10-10 14:13:34,644 - spam_application - INFO - "xs:byte" not found in /home/joao/Documents/teste_xsd/xsd/evtRmnRPPS.xsd.
2018-10-10 14:13:34,831 - spam_application - INFO - "xs:byte" not found in /home/joao/Documents/teste_xsd/xsd/evtAltCadastral.xsd.
2018-10-10 14:13:35,063 - spam_application - INFO - "xs:byte" not found in /home/joao/Documents/teste_xsd/xsd/evtInsApo.xsd.
2018-10-10 14:13:35,233 - spam_application - INFO - "xs:byte" not found in /home/joao/Documents/teste_xsd/xsd/evtTSVAltContr.xsd.
2018-10-10 14:13:35,421 - spam_application - INFO - "xs:byte" not found in /home/joao/Documents/teste_xsd/xsd/evtPgtos.xsd.
2018-10-10 14:13:35,636 - spam_application - INFO - "xs:byte" not found in /home/joao/Documents/teste_xsd/xsd/evtConvInterm.xsd.
2018-10-10 14:13:35,808 - spam_application - INFO - "xs:byte" not found in /home/joao/Documents/teste_xsd/xsd/evtTabAmbiente.xsd.
2018-10-10 14:13:35,974 - spam_application - INFO - "xs:byte" not found in /home/joao/Documents/teste_xsd/xsd/evtAdmissao.xsd.
2018-10-10 14:13:36,288 - spam_application - INFO - "xs:byte" not found in /home/joao/Documents/teste_xsd/xsd/evtRemun.xsd.
2018-10-10 14:13:36,501 - spam_application - INFO - "xs:byte" not found in /home/joao/Documents/teste_xsd/xsd/evtCdBenPrRP.xsd.
2018-10-10 14:13:36,686 - spam_application - INFO - "xs:byte" not found in /home/joao/Documents/teste_xsd/xsd/evtReintegr.xsd.
2018-10-10 14:13:36,851 - spam_application - INFO - "xs:byte" not found in /home/joao/Documents/teste_xsd/xsd/evtFechaEvPer.xsd.
2018-10-10 14:13:37,016 - spam_application - INFO - "xs:byte" not found in /home/joao/Documents/teste_xsd/xsd/evtTotConting.xsd.
2018-10-10 14:13:37,175 - spam_application - INFO - "xs:byte" not found in /home/joao/Documents/teste_xsd/xsd/evtTabLotacao.xsd.
2018-10-10 14:13:37,342 - spam_application - INFO - "xs:byte" not found in /home/joao/Documents/teste_xsd/xsd/evtAqProd.xsd.
2018-10-10 14:13:37,516 - spam_application - INFO - "xs:byte" not found in /home/joao/Documents/teste_xsd/xsd/evtTabFuncao.xsd.
